<?xml version="1.0" encoding="UTF-8"?>
<!-- Generated by org.testng.reporters.JUnitXMLReporter -->
<testsuite hostname="Sathish-PC" name="Test" tests="7" failures="0" timestamp="12 Oct 2019 15:49:35 GMT" time="0.1" errors="0">
  <testcase name="five" time="0.011" classname="TestNGpractice.TestNGpractice.class2"/>
  <testcase name="four" time="0.002" classname="TestNGpractice.TestNGpractice.class2"/>
  <testcase name="seven" time="0.004" classname="TestNGpractice.TestNGpractice.class3"/>
  <testcase name="six" time="0.003" classname="TestNGpractice.TestNGpractice.class3"/>
  <testcase name="one" time="0.003" classname="TestNGpractice.TestNGpractice.class1"/>
  <testcase name="three" time="0.002" classname="TestNGpractice.TestNGpractice.class1"/>
  <testcase name="two" time="0.006" classname="TestNGpractice.TestNGpractice.class1"/>
</testsuite> <!-- Test -->
