<?xml version="1.0" encoding="UTF-8"?>
<!-- Generated by org.testng.reporters.JUnitXMLReporter -->
<testsuite hostname="Sathish-PC" name="Test" tests="6" failures="3" timestamp="1 Aug 2019 18:28:25 GMT" time="26.691" errors="0">
  <testcase name="testcase41" time="0.017" classname="rest.rest.class2">
    <failure type="java.lang.NullPointerException">
      <![CDATA[java.lang.NullPointerException
	at rest.rest.class2.testcase41(class2.java:21)
... Removed 24 stack frames]]>
    </failure>
  </testcase> <!-- testcase41 -->
  <testcase name="testcase51" time="0.008" classname="rest.rest.class2">
    <failure type="java.lang.NullPointerException">
      <![CDATA[java.lang.NullPointerException
	at rest.rest.class2.testcase51(class2.java:33)
... Removed 24 stack frames]]>
    </failure>
  </testcase> <!-- testcase51 -->
  <testcase name="testcase62" time="0.002" classname="rest.rest.class2">
    <failure type="java.lang.NullPointerException">
      <![CDATA[java.lang.NullPointerException
	at rest.rest.class2.testcase62(class2.java:44)
... Removed 24 stack frames]]>
    </failure>
  </testcase> <!-- testcase62 -->
  <testcase name="testcase111" time="18.875" classname="rest.rest.class1"/>
  <testcase name="testcase1123" time="6.324" classname="rest.rest.class1"/>
  <testcase name="testcase121" time="1.133" classname="rest.rest.class1"/>
</testsuite> <!-- Test -->
