<?xml version="1.0" encoding="UTF-8"?>
<!-- Generated by org.testng.reporters.JUnitXMLReporter -->
<testsuite hostname="Sathish-PC" name="Default test" tests="4" failures="0" timestamp="28 Sep 2019 10:24:31 GMT" time="0.125" errors="0">
  <testcase name="boy" time="0.016" classname="TestNGBeforeAfter.Class1"/>
  <testcase name="gents" time="0.0" classname="TestNGBeforeAfter.Class1"/>
  <testcase name="girl" time="0.0" classname="TestNGBeforeAfter.Class1"/>
  <testcase name="lady" time="0.0" classname="TestNGBeforeAfter.Class1"/>
</testsuite> <!-- Default test -->
