<?xml version="1.0" encoding="UTF-8"?>
<!-- Generated by org.testng.reporters.JUnitXMLReporter -->
<testsuite hostname="Sathish-PC" name="Test" tests="6" failures="0" timestamp="28 Jul 2019 07:33:53 GMT" time="0.167" errors="0">
  <testcase name="executetest5" time="0.016" classname="new1.new1.class3"/>
  <testcase name="executetest6" time="0.015" classname="new1.new1.class3"/>
  <testcase name="executetest1" time="0.016" classname="new1.new1.Class1"/>
  <testcase name="executetest2" time="0.016" classname="new1.new1.Class1"/>
  <testcase name="executetest3" time="0.015" classname="new1.new1.class2"/>
  <testcase name="executetest4" time="0.0" classname="new1.new1.class2"/>
</testsuite> <!-- Test -->
