<?xml version="1.0" encoding="UTF-8"?>
<!-- Generated by org.testng.reporters.JUnitXMLReporter -->
<testsuite hostname="Sathish-PC" name="Test" tests="5" failures="0" timestamp="14 Sep 2019 14:42:20 GMT" time="0.172" errors="0">
  <testcase name="case5" time="0.031" classname="newirctc.newirctc.class2"/>
  <testcase name="case6" time="0.0" classname="newirctc.newirctc.class2"/>
  <testcase name="case3" time="0.0" classname="newirctc.newirctc.Class1"/>
  <testcase name="case4" time="0.0" classname="newirctc.newirctc.Class1"/>
  <testcase name="case2" time="0.016" classname="newirctc.newirctc.AppTest"/>
</testsuite> <!-- Test -->
