<?xml version="1.0" encoding="UTF-8"?>
<!-- Generated by org.testng.reporters.JUnitXMLReporter -->
<testsuite hostname="Sathish-PC" name="Default test" tests="8" failures="0" timestamp="14 Sep 2019 14:28:17 GMT" time="0.25" errors="0">
  <testcase name="case5" time="0.063" classname="newirctc.newirctc.class2"/>
  <testcase name="case6" time="0.0" classname="newirctc.newirctc.class2"/>
  <testcase name="case1" time="0.0" classname="newirctc.newirctc.Class1"/>
  <testcase name="case2" time="0.0" classname="newirctc.newirctc.Class1"/>
  <testcase name="case3" time="0.0" classname="newirctc.newirctc.Class1"/>
  <testcase name="case4" time="0.0" classname="newirctc.newirctc.Class1"/>
  <testcase name="case1" time="0.0" classname="newirctc.newirctc.AppTest"/>
  <testcase name="case2" time="0.0" classname="newirctc.newirctc.AppTest"/>
</testsuite> <!-- Default test -->
