<?xml version="1.0" encoding="UTF-8"?>
<testng-results skipped="0" failed="0" total="6" passed="6">
  <reporter-output>
  </reporter-output>
  <suite name="Suite" duration-ms="167" started-at="2019-07-28T07:33:53Z" finished-at="2019-07-28T07:33:53Z">
    <groups>
    </groups>
    <test name="Test" duration-ms="167" started-at="2019-07-28T07:33:53Z" finished-at="2019-07-28T07:33:53Z">
      <class name="new1.new1.class2">
        <test-method status="PASS" signature="baseclass()[pri:0, instance:new1.new1.class2@17e2f02]" name="baseclass" is-config="true" duration-ms="0" started-at="2019-07-28T13:03:53Z" finished-at="2019-07-28T13:03:53Z">
          <reporter-output>
          </reporter-output>
        </test-method> <!-- baseclass -->
        <test-method status="PASS" signature="executetest3()[pri:0, instance:new1.new1.class2@17e2f02]" name="executetest3" duration-ms="15" started-at="2019-07-28T13:03:53Z" finished-at="2019-07-28T13:03:53Z">
          <reporter-output>
          </reporter-output>
        </test-method> <!-- executetest3 -->
        <test-method status="PASS" signature="baseclass()[pri:0, instance:new1.new1.class2@17e2f02]" name="baseclass" is-config="true" duration-ms="16" started-at="2019-07-28T13:03:53Z" finished-at="2019-07-28T13:03:53Z">
          <reporter-output>
          </reporter-output>
        </test-method> <!-- baseclass -->
        <test-method status="PASS" signature="baseclass1()[pri:0, instance:new1.new1.class2@17e2f02]" name="baseclass1" is-config="true" duration-ms="0" started-at="2019-07-28T13:03:53Z" finished-at="2019-07-28T13:03:53Z">
          <reporter-output>
          </reporter-output>
        </test-method> <!-- baseclass1 -->
        <test-method status="PASS" signature="executetest4()[pri:0, instance:new1.new1.class2@17e2f02]" name="executetest4" duration-ms="0" started-at="2019-07-28T13:03:53Z" finished-at="2019-07-28T13:03:53Z">
          <reporter-output>
          </reporter-output>
        </test-method> <!-- executetest4 -->
        <test-method status="PASS" signature="baseclass1()[pri:0, instance:new1.new1.class2@17e2f02]" name="baseclass1" is-config="true" duration-ms="0" started-at="2019-07-28T13:03:53Z" finished-at="2019-07-28T13:03:53Z">
          <reporter-output>
          </reporter-output>
        </test-method> <!-- baseclass1 -->
      </class> <!-- new1.new1.class2 -->
      <class name="new1.new1.class3">
        <test-method status="PASS" signature="baseclass()[pri:0, instance:new1.new1.class3@1933fd1]" name="baseclass" is-config="true" duration-ms="31" started-at="2019-07-28T13:03:53Z" finished-at="2019-07-28T13:03:53Z">
          <reporter-output>
          </reporter-output>
        </test-method> <!-- baseclass -->
        <test-method status="PASS" signature="executetest5()[pri:0, instance:new1.new1.class3@1933fd1]" name="executetest5" duration-ms="16" started-at="2019-07-28T13:03:53Z" finished-at="2019-07-28T13:03:53Z">
          <reporter-output>
          </reporter-output>
        </test-method> <!-- executetest5 -->
        <test-method status="PASS" signature="baseclass1()[pri:0, instance:new1.new1.class3@1933fd1]" name="baseclass1" is-config="true" duration-ms="0" started-at="2019-07-28T13:03:53Z" finished-at="2019-07-28T13:03:53Z">
          <reporter-output>
          </reporter-output>
        </test-method> <!-- baseclass1 -->
        <test-method status="PASS" signature="baseclass()[pri:0, instance:new1.new1.class3@1933fd1]" name="baseclass" is-config="true" duration-ms="0" started-at="2019-07-28T13:03:53Z" finished-at="2019-07-28T13:03:53Z">
          <reporter-output>
          </reporter-output>
        </test-method> <!-- baseclass -->
        <test-method status="PASS" signature="executetest6()[pri:0, instance:new1.new1.class3@1933fd1]" name="executetest6" duration-ms="15" started-at="2019-07-28T13:03:53Z" finished-at="2019-07-28T13:03:53Z">
          <reporter-output>
          </reporter-output>
        </test-method> <!-- executetest6 -->
        <test-method status="PASS" signature="baseclass1()[pri:0, instance:new1.new1.class3@1933fd1]" name="baseclass1" is-config="true" duration-ms="0" started-at="2019-07-28T13:03:53Z" finished-at="2019-07-28T13:03:53Z">
          <reporter-output>
          </reporter-output>
        </test-method> <!-- baseclass1 -->
      </class> <!-- new1.new1.class3 -->
      <class name="new1.new1.Class1">
        <test-method status="PASS" signature="executetest1()[pri:0, instance:new1.new1.Class1@c0edeb]" name="executetest1" duration-ms="16" started-at="2019-07-28T13:03:53Z" finished-at="2019-07-28T13:03:53Z">
          <reporter-output>
          </reporter-output>
        </test-method> <!-- executetest1 -->
        <test-method status="PASS" signature="baseclass()[pri:0, instance:new1.new1.Class1@c0edeb]" name="baseclass" is-config="true" duration-ms="0" started-at="2019-07-28T13:03:53Z" finished-at="2019-07-28T13:03:53Z">
          <reporter-output>
          </reporter-output>
        </test-method> <!-- baseclass -->
        <test-method status="PASS" signature="baseclass()[pri:0, instance:new1.new1.Class1@c0edeb]" name="baseclass" is-config="true" duration-ms="0" started-at="2019-07-28T13:03:53Z" finished-at="2019-07-28T13:03:53Z">
          <reporter-output>
          </reporter-output>
        </test-method> <!-- baseclass -->
        <test-method status="PASS" signature="executetest2()[pri:0, instance:new1.new1.Class1@c0edeb]" name="executetest2" duration-ms="16" started-at="2019-07-28T13:03:53Z" finished-at="2019-07-28T13:03:53Z">
          <reporter-output>
          </reporter-output>
        </test-method> <!-- executetest2 -->
        <test-method status="PASS" signature="baseclass1()[pri:0, instance:new1.new1.Class1@c0edeb]" name="baseclass1" is-config="true" duration-ms="0" started-at="2019-07-28T13:03:53Z" finished-at="2019-07-28T13:03:53Z">
          <reporter-output>
          </reporter-output>
        </test-method> <!-- baseclass1 -->
        <test-method status="PASS" signature="baseclass1()[pri:0, instance:new1.new1.Class1@c0edeb]" name="baseclass1" is-config="true" duration-ms="0" started-at="2019-07-28T13:03:53Z" finished-at="2019-07-28T13:03:53Z">
          <reporter-output>
          </reporter-output>
        </test-method> <!-- baseclass1 -->
      </class> <!-- new1.new1.Class1 -->
    </test> <!-- Test -->
  </suite> <!-- Suite -->
</testng-results>
